<?xml version="1.0" encoding="UTF-8"?>
<!-- Generated by org.testng.reporters.JUnitXMLReporter -->
<testsuite ignored="0" hostname="DESKTOP-141UIPT" failures="0" tests="1" name="Test2" time="3.81" errors="0" timestamp="2022-04-27T20:04:56 IST">
  <testcase classname="com.crn.GenericLibrary.BaseClass" name="@BeforeClass launchtheBrowser" time="3.748">
    <failure type="org.openqa.selenium.WebDriverException" message="unknown error: Chrome failed to start: exited normally.
  (unknown error: DevToolsActivePort file doesn&amp;apos;t exist)
  (The process started from chrome location C:\Program Files\Google\Chrome\Application\chrome.exe is no longer running, so ChromeDriver is assuming that Chrome has crashed.)
Build info: version: &amp;apos;3.141.59&amp;apos;, revision: &amp;apos;e82be7d358&amp;apos;, time: &amp;apos;2018-11-14T08:17:03&amp;apos;
System info: host: &amp;apos;DESKTOP-141UIPT&amp;apos;, ip: &amp;apos;192.168.29.68&amp;apos;, os.name: &amp;apos;Windows 10&amp;apos;, os.arch: &amp;apos;amd64&amp;apos;, os.version: &amp;apos;10.0&amp;apos;, java.version: &amp;apos;17.0.1&amp;apos;
Driver info: driver.version: ChromeDriver
remote stacktrace: Backtrace:
	Ordinal0 [0x00F669A3+2582947]
	Ordinal0 [0x00EFA6D1+2139857]
	Ordinal0 [0x00DF3A98+1063576]
	Ordinal0 [0x00E10461+1180769]
	Ordinal0 [0x00E0C9E1+1165793]
	Ordinal0 [0x00E3CFFF+1363967]
	Ordinal0 [0x00E3CC2A+1362986]
	Ordinal0 [0x00E38366+1344358]
	Ordinal0 [0x00E15176+1200502]
	Ordinal0 [0x00E16066+1204326]
	GetHandleVerifier [0x0110BE02+1675858]
	GetHandleVerifier [0x011C036C+2414524]
	GetHandleVerifier [0x00FFBB01+560977]
	GetHandleVerifier [0x00FFA8D3+556323]
	Ordinal0 [0x00F0020E+2163214]
	Ordinal0 [0x00F05078+2183288]
	Ordinal0 [0x00F051C0+2183616]
	Ordinal0 [0x00F0EE1C+2223644]
	BaseThreadInitThunk [0x7600FA29+25]
	RtlGetAppContainerNamedObjectPath [0x76FC7A7E+286]
	RtlGetAppContainerNamedObjectPath [0x76FC7A4E+238]
">
      <![CDATA[org.openqa.selenium.WebDriverException: unknown error: Chrome failed to start: exited normally.
  (unknown error: DevToolsActivePort file doesn't exist)
  (The process started from chrome location C:\Program Files\Google\Chrome\Application\chrome.exe is no longer running, so ChromeDriver is assuming that Chrome has crashed.)
Build info: version: '3.141.59', revision: 'e82be7d358', time: '2018-11-14T08:17:03'
System info: host: 'DESKTOP-141UIPT', ip: '192.168.29.68', os.name: 'Windows 10', os.arch: 'amd64', os.version: '10.0', java.version: '17.0.1'
Driver info: driver.version: ChromeDriver
remote stacktrace: Backtrace:
Ordinal0 [0x00F669A3+2582947]
Ordinal0 [0x00EFA6D1+2139857]
Ordinal0 [0x00DF3A98+1063576]
Ordinal0 [0x00E10461+1180769]
Ordinal0 [0x00E0C9E1+1165793]
Ordinal0 [0x00E3CFFF+1363967]
Ordinal0 [0x00E3CC2A+1362986]
Ordinal0 [0x00E38366+1344358]
Ordinal0 [0x00E15176+1200502]
Ordinal0 [0x00E16066+1204326]
GetHandleVerifier [0x0110BE02+1675858]
GetHandleVerifier [0x011C036C+2414524]
GetHandleVerifier [0x00FFBB01+560977]
GetHandleVerifier [0x00FFA8D3+556323]
Ordinal0 [0x00F0020E+2163214]
Ordinal0 [0x00F05078+2183288]
Ordinal0 [0x00F051C0+2183616]
Ordinal0 [0x00F0EE1C+2223644]
BaseThreadInitThunk [0x7600FA29+25]
RtlGetAppContainerNamedObjectPath [0x76FC7A7E+286]
RtlGetAppContainerNamedObjectPath [0x76FC7A4E+238]

at org.openqa.selenium.remote.W3CHandshakeResponse.lambda$errorHandler$0(W3CHandshakeResponse.java:62)
at org.openqa.selenium.remote.HandshakeResponse.lambda$getResponseFunction$0(HandshakeResponse.java:30)
at org.openqa.selenium.remote.ProtocolHandshake.lambda$createSession$0(ProtocolHandshake.java:126)
at java.base/java.util.stream.ReferencePipeline$3$1.accept(ReferencePipeline.java:197)
at java.base/java.util.Spliterators$ArraySpliterator.tryAdvance(Spliterators.java:1002)
at java.base/java.util.stream.ReferencePipeline.forEachWithCancel(ReferencePipeline.java:129)
at java.base/java.util.stream.AbstractPipeline.copyIntoWithCancel(AbstractPipeline.java:527)
at java.base/java.util.stream.AbstractPipeline.copyInto(AbstractPipeline.java:513)
at java.base/java.util.stream.AbstractPipeline.wrapAndCopyInto(AbstractPipeline.java:499)
at java.base/java.util.stream.FindOps$FindOp.evaluateSequential(FindOps.java:150)
at java.base/java.util.stream.AbstractPipeline.evaluate(AbstractPipeline.java:234)
at java.base/java.util.stream.ReferencePipeline.findFirst(ReferencePipeline.java:647)
at org.openqa.selenium.remote.ProtocolHandshake.createSession(ProtocolHandshake.java:128)
at org.openqa.selenium.remote.ProtocolHandshake.createSession(ProtocolHandshake.java:74)
at org.openqa.selenium.remote.HttpCommandExecutor.execute(HttpCommandExecutor.java:136)
at org.openqa.selenium.remote.service.DriverCommandExecutor.execute(DriverCommandExecutor.java:83)
at org.openqa.selenium.remote.RemoteWebDriver.execute(RemoteWebDriver.java:552)
at org.openqa.selenium.remote.RemoteWebDriver.startSession(RemoteWebDriver.java:213)
at org.openqa.selenium.remote.RemoteWebDriver.<init>(RemoteWebDriver.java:131)
at org.openqa.selenium.chrome.ChromeDriver.<init>(ChromeDriver.java:181)
at org.openqa.selenium.chrome.ChromeDriver.<init>(ChromeDriver.java:168)
at org.openqa.selenium.chrome.ChromeDriver.<init>(ChromeDriver.java:123)
at com.crn.GenericLibrary.BaseClass.launchtheBrowser(BaseClass.java:51)
at java.base/java.util.ArrayList.forEach(ArrayList.java:1511)
at java.base/java.util.concurrent.FutureTask.run(FutureTask.java:264)
at java.base/java.util.concurrent.ThreadPoolExecutor.runWorker(ThreadPoolExecutor.java:1136)
at java.base/java.util.concurrent.ThreadPoolExecutor$Worker.run(ThreadPoolExecutor.java:635)
at java.base/java.lang.Thread.run(Thread.java:833)
... Removed 21 stack frames]]>
    </failure>
  </testcase> <!-- @BeforeClass launchtheBrowser -->
  <testcase classname="com.crn.GenericLibrary.BaseClass" name="@BeforeMethod login" time="-1.651070095932E9">
    <skipped/>
  </testcase> <!-- @BeforeMethod login -->
  <testcase classname="com.crn.GenericLibrary.BaseClass" name="@AfterMethod logout" time="-1.651070095948E9">
    <skipped/>
  </testcase> <!-- @AfterMethod logout -->
  <testcase classname="com.crn.GenericLibrary.BaseClass" name="@AfterClass closebrowser" time="-1.651070095959E9">
    <skipped/>
  </testcase> <!-- @AfterClass closebrowser -->
  <testcase classname="TestNGUsingAnnotations.SearchLeadByClickingOnSalution" name="searchLeadByClickingOnSalution" time="0.0">
    <skipped/>
  </testcase> <!-- searchLeadByClickingOnSalution -->
</testsuite> <!-- Test2 -->
