<?xml version="1.0" encoding="UTF-8"?>
<!-- Generated by org.testng.reporters.JUnitReportReporter -->
<testsuite hostname="DESKTOP-141UIPT" failures="0" tests="4" name="TestNGUsingAnnotations.ContactWithOrganizationName" time="4.742" errors="2" timestamp="2022-04-27T20:21:14 IST" skipped="2">
  <testcase classname="TestNGUsingAnnotations.ContactWithOrganizationName" name="createContactWithOrgTest" time="0.000">
    <skipped/>
  </testcase> <!-- createContactWithOrgTest -->
  <system-out/>
  <testcase classname="TestNGUsingAnnotations.ContactWithOrganizationName" name="launchtheBrowser" time="2.271">
    <error message="session not created: This version of ChromeDriver only supports Chrome version 98
Current browser version is 101.0.4951.41 with binary path C:\Program Files\Google\Chrome\Application\chrome.exe
Build info: version: &#039;3.141.59&#039;, revision: &#039;e82be7d358&#039;, time: &#039;2018-11-14T08:17:03&#039;
System info: host: &#039;DESKTOP-141UIPT&#039;, ip: &#039;192.168.29.68&#039;, os.name: &#039;Windows 10&#039;, os.arch: &#039;amd64&#039;, os.version: &#039;10.0&#039;, java.version: &#039;17.0.1&#039;
Driver info: driver.version: ChromeDriver
remote stacktrace: Backtrace:
	Ordinal0 [0x00F669A3+2582947]
	Ordinal0 [0x00EFA6D1+2139857]
	Ordinal0 [0x00DF3A98+1063576]
	Ordinal0 [0x00E133B8+1192888]
	Ordinal0 [0x00E0F235+1176117]
	Ordinal0 [0x00E0C9E1+1165793]
	Ordinal0 [0x00E3CFFF+1363967]
	Ordinal0 [0x00E3CC2A+1362986]
	Ordinal0 [0x00E38366+1344358]
	Ordinal0 [0x00E15176+1200502]
	Ordinal0 [0x00E16066+1204326]
	GetHandleVerifier [0x0110BE02+1675858]
	GetHandleVerifier [0x011C036C+2414524]
	GetHandleVerifier [0x00FFBB01+560977]
	GetHandleVerifier [0x00FFA8D3+556323]
	Ordinal0 [0x00F0020E+2163214]
	Ordinal0 [0x00F05078+2183288]
	Ordinal0 [0x00F051C0+2183616]
	Ordinal0 [0x00F0EE1C+2223644]
	BaseThreadInitThunk [0x7600FA29+25]
	RtlGetAppContainerNamedObjectPath [0x76FC7A7E+286]
	RtlGetAppContainerNamedObjectPath [0x76FC7A4E+238]
" type="org.openqa.selenium.SessionNotCreatedException">
      <![CDATA[org.openqa.selenium.SessionNotCreatedException: session not created: This version of ChromeDriver only supports Chrome version 98
Current browser version is 101.0.4951.41 with binary path C:\Program Files\Google\Chrome\Application\chrome.exe
Build info: version: '3.141.59', revision: 'e82be7d358', time: '2018-11-14T08:17:03'
System info: host: 'DESKTOP-141UIPT', ip: '192.168.29.68', os.name: 'Windows 10', os.arch: 'amd64', os.version: '10.0', java.version: '17.0.1'
Driver info: driver.version: ChromeDriver
remote stacktrace: Backtrace:
Ordinal0 [0x00F669A3+2582947]
Ordinal0 [0x00EFA6D1+2139857]
Ordinal0 [0x00DF3A98+1063576]
Ordinal0 [0x00E133B8+1192888]
Ordinal0 [0x00E0F235+1176117]
Ordinal0 [0x00E0C9E1+1165793]
Ordinal0 [0x00E3CFFF+1363967]
Ordinal0 [0x00E3CC2A+1362986]
Ordinal0 [0x00E38366+1344358]
Ordinal0 [0x00E15176+1200502]
Ordinal0 [0x00E16066+1204326]
GetHandleVerifier [0x0110BE02+1675858]
GetHandleVerifier [0x011C036C+2414524]
GetHandleVerifier [0x00FFBB01+560977]
GetHandleVerifier [0x00FFA8D3+556323]
Ordinal0 [0x00F0020E+2163214]
Ordinal0 [0x00F05078+2183288]
Ordinal0 [0x00F051C0+2183616]
Ordinal0 [0x00F0EE1C+2223644]
BaseThreadInitThunk [0x7600FA29+25]
RtlGetAppContainerNamedObjectPath [0x76FC7A7E+286]
RtlGetAppContainerNamedObjectPath [0x76FC7A4E+238]

at java.base/jdk.internal.reflect.NativeConstructorAccessorImpl.newInstance0(Native Method)
at java.base/jdk.internal.reflect.NativeConstructorAccessorImpl.newInstance(NativeConstructorAccessorImpl.java:77)
at java.base/jdk.internal.reflect.DelegatingConstructorAccessorImpl.newInstance(DelegatingConstructorAccessorImpl.java:45)
at java.base/java.lang.reflect.Constructor.newInstanceWithCaller(Constructor.java:499)
at java.base/java.lang.reflect.Constructor.newInstance(Constructor.java:480)
at org.openqa.selenium.remote.W3CHandshakeResponse.lambda$errorHandler$0(W3CHandshakeResponse.java:62)
at org.openqa.selenium.remote.HandshakeResponse.lambda$getResponseFunction$0(HandshakeResponse.java:30)
at org.openqa.selenium.remote.ProtocolHandshake.lambda$createSession$0(ProtocolHandshake.java:126)
at java.base/java.util.stream.ReferencePipeline$3$1.accept(ReferencePipeline.java:197)
at java.base/java.util.Spliterators$ArraySpliterator.tryAdvance(Spliterators.java:1002)
at java.base/java.util.stream.ReferencePipeline.forEachWithCancel(ReferencePipeline.java:129)
at java.base/java.util.stream.AbstractPipeline.copyIntoWithCancel(AbstractPipeline.java:527)
at java.base/java.util.stream.AbstractPipeline.copyInto(AbstractPipeline.java:513)
at java.base/java.util.stream.AbstractPipeline.wrapAndCopyInto(AbstractPipeline.java:499)
at java.base/java.util.stream.FindOps$FindOp.evaluateSequential(FindOps.java:150)
at java.base/java.util.stream.AbstractPipeline.evaluate(AbstractPipeline.java:234)
at java.base/java.util.stream.ReferencePipeline.findFirst(ReferencePipeline.java:647)
at org.openqa.selenium.remote.ProtocolHandshake.createSession(ProtocolHandshake.java:128)
at org.openqa.selenium.remote.ProtocolHandshake.createSession(ProtocolHandshake.java:74)
at org.openqa.selenium.remote.HttpCommandExecutor.execute(HttpCommandExecutor.java:136)
at org.openqa.selenium.remote.service.DriverCommandExecutor.execute(DriverCommandExecutor.java:83)
at org.openqa.selenium.remote.RemoteWebDriver.execute(RemoteWebDriver.java:552)
at org.openqa.selenium.remote.RemoteWebDriver.startSession(RemoteWebDriver.java:213)
at org.openqa.selenium.remote.RemoteWebDriver.<init>(RemoteWebDriver.java:131)
at org.openqa.selenium.chrome.ChromeDriver.<init>(ChromeDriver.java:181)
at org.openqa.selenium.chrome.ChromeDriver.<init>(ChromeDriver.java:168)
at org.openqa.selenium.chrome.ChromeDriver.<init>(ChromeDriver.java:123)
at com.crn.GenericLibrary.BaseClass.launchtheBrowser(BaseClass.java:51)
at java.base/jdk.internal.reflect.NativeMethodAccessorImpl.invoke0(Native Method)
at java.base/jdk.internal.reflect.NativeMethodAccessorImpl.invoke(NativeMethodAccessorImpl.java:77)
at java.base/jdk.internal.reflect.DelegatingMethodAccessorImpl.invoke(DelegatingMethodAccessorImpl.java:43)
at java.base/java.lang.reflect.Method.invoke(Method.java:568)
at org.testng.internal.MethodInvocationHelper.invokeMethod(MethodInvocationHelper.java:133)
at org.testng.internal.MethodInvocationHelper.invokeMethodConsideringTimeout(MethodInvocationHelper.java:62)
at org.testng.internal.ConfigInvoker.invokeConfigurationMethod(ConfigInvoker.java:385)
at org.testng.internal.ConfigInvoker.invokeConfigurations(ConfigInvoker.java:321)
at org.testng.internal.TestMethodWorker.invokeBeforeClassMethods(TestMethodWorker.java:176)
at org.testng.internal.TestMethodWorker.run(TestMethodWorker.java:122)
at java.base/java.util.ArrayList.forEach(ArrayList.java:1511)
at org.testng.TestRunner.privateRun(TestRunner.java:794)
at org.testng.TestRunner.run(TestRunner.java:596)
at org.testng.SuiteRunner.runTest(SuiteRunner.java:377)
at org.testng.SuiteRunner.access$000(SuiteRunner.java:28)
at org.testng.SuiteRunner$SuiteWorker.run(SuiteRunner.java:418)
at org.testng.internal.thread.ThreadUtil.lambda$execute$0(ThreadUtil.java:64)
at java.base/java.util.concurrent.FutureTask.run(FutureTask.java:264)
at java.base/java.util.concurrent.ThreadPoolExecutor.runWorker(ThreadPoolExecutor.java:1136)
at java.base/java.util.concurrent.ThreadPoolExecutor$Worker.run(ThreadPoolExecutor.java:635)
at java.base/java.lang.Thread.run(Thread.java:833)
]]>
    </error>
  </testcase> <!-- launchtheBrowser -->
  <system-out/>
  <testcase classname="TestNGUsingAnnotations.ContactWithOrganizationName" name="launchtheBrowser" time="2.471">
    <error message="session not created: This version of ChromeDriver only supports Chrome version 98
Current browser version is 101.0.4951.41 with binary path C:\Program Files\Google\Chrome\Application\chrome.exe
Build info: version: &#039;3.141.59&#039;, revision: &#039;e82be7d358&#039;, time: &#039;2018-11-14T08:17:03&#039;
System info: host: &#039;DESKTOP-141UIPT&#039;, ip: &#039;192.168.29.68&#039;, os.name: &#039;Windows 10&#039;, os.arch: &#039;amd64&#039;, os.version: &#039;10.0&#039;, java.version: &#039;17.0.1&#039;
Driver info: driver.version: ChromeDriver
remote stacktrace: Backtrace:
	Ordinal0 [0x00F669A3+2582947]
	Ordinal0 [0x00EFA6D1+2139857]
	Ordinal0 [0x00DF3A98+1063576]
	Ordinal0 [0x00E133B8+1192888]
	Ordinal0 [0x00E0F235+1176117]
	Ordinal0 [0x00E0C9E1+1165793]
	Ordinal0 [0x00E3CFFF+1363967]
	Ordinal0 [0x00E3CC2A+1362986]
	Ordinal0 [0x00E38366+1344358]
	Ordinal0 [0x00E15176+1200502]
	Ordinal0 [0x00E16066+1204326]
	GetHandleVerifier [0x0110BE02+1675858]
	GetHandleVerifier [0x011C036C+2414524]
	GetHandleVerifier [0x00FFBB01+560977]
	GetHandleVerifier [0x00FFA8D3+556323]
	Ordinal0 [0x00F0020E+2163214]
	Ordinal0 [0x00F05078+2183288]
	Ordinal0 [0x00F051C0+2183616]
	Ordinal0 [0x00F0EE1C+2223644]
	BaseThreadInitThunk [0x7600FA29+25]
	RtlGetAppContainerNamedObjectPath [0x76FC7A7E+286]
	RtlGetAppContainerNamedObjectPath [0x76FC7A4E+238]
" type="org.openqa.selenium.SessionNotCreatedException">
      <![CDATA[org.openqa.selenium.SessionNotCreatedException: session not created: This version of ChromeDriver only supports Chrome version 98
Current browser version is 101.0.4951.41 with binary path C:\Program Files\Google\Chrome\Application\chrome.exe
Build info: version: '3.141.59', revision: 'e82be7d358', time: '2018-11-14T08:17:03'
System info: host: 'DESKTOP-141UIPT', ip: '192.168.29.68', os.name: 'Windows 10', os.arch: 'amd64', os.version: '10.0', java.version: '17.0.1'
Driver info: driver.version: ChromeDriver
remote stacktrace: Backtrace:
Ordinal0 [0x00F669A3+2582947]
Ordinal0 [0x00EFA6D1+2139857]
Ordinal0 [0x00DF3A98+1063576]
Ordinal0 [0x00E133B8+1192888]
Ordinal0 [0x00E0F235+1176117]
Ordinal0 [0x00E0C9E1+1165793]
Ordinal0 [0x00E3CFFF+1363967]
Ordinal0 [0x00E3CC2A+1362986]
Ordinal0 [0x00E38366+1344358]
Ordinal0 [0x00E15176+1200502]
Ordinal0 [0x00E16066+1204326]
GetHandleVerifier [0x0110BE02+1675858]
GetHandleVerifier [0x011C036C+2414524]
GetHandleVerifier [0x00FFBB01+560977]
GetHandleVerifier [0x00FFA8D3+556323]
Ordinal0 [0x00F0020E+2163214]
Ordinal0 [0x00F05078+2183288]
Ordinal0 [0x00F051C0+2183616]
Ordinal0 [0x00F0EE1C+2223644]
BaseThreadInitThunk [0x7600FA29+25]
RtlGetAppContainerNamedObjectPath [0x76FC7A7E+286]
RtlGetAppContainerNamedObjectPath [0x76FC7A4E+238]

at java.base/jdk.internal.reflect.NativeConstructorAccessorImpl.newInstance0(Native Method)
at java.base/jdk.internal.reflect.NativeConstructorAccessorImpl.newInstance(NativeConstructorAccessorImpl.java:77)
at java.base/jdk.internal.reflect.DelegatingConstructorAccessorImpl.newInstance(DelegatingConstructorAccessorImpl.java:45)
at java.base/java.lang.reflect.Constructor.newInstanceWithCaller(Constructor.java:499)
at java.base/java.lang.reflect.Constructor.newInstance(Constructor.java:480)
at org.openqa.selenium.remote.W3CHandshakeResponse.lambda$errorHandler$0(W3CHandshakeResponse.java:62)
at org.openqa.selenium.remote.HandshakeResponse.lambda$getResponseFunction$0(HandshakeResponse.java:30)
at org.openqa.selenium.remote.ProtocolHandshake.lambda$createSession$0(ProtocolHandshake.java:126)
at java.base/java.util.stream.ReferencePipeline$3$1.accept(ReferencePipeline.java:197)
at java.base/java.util.Spliterators$ArraySpliterator.tryAdvance(Spliterators.java:1002)
at java.base/java.util.stream.ReferencePipeline.forEachWithCancel(ReferencePipeline.java:129)
at java.base/java.util.stream.AbstractPipeline.copyIntoWithCancel(AbstractPipeline.java:527)
at java.base/java.util.stream.AbstractPipeline.copyInto(AbstractPipeline.java:513)
at java.base/java.util.stream.AbstractPipeline.wrapAndCopyInto(AbstractPipeline.java:499)
at java.base/java.util.stream.FindOps$FindOp.evaluateSequential(FindOps.java:150)
at java.base/java.util.stream.AbstractPipeline.evaluate(AbstractPipeline.java:234)
at java.base/java.util.stream.ReferencePipeline.findFirst(ReferencePipeline.java:647)
at org.openqa.selenium.remote.ProtocolHandshake.createSession(ProtocolHandshake.java:128)
at org.openqa.selenium.remote.ProtocolHandshake.createSession(ProtocolHandshake.java:74)
at org.openqa.selenium.remote.HttpCommandExecutor.execute(HttpCommandExecutor.java:136)
at org.openqa.selenium.remote.service.DriverCommandExecutor.execute(DriverCommandExecutor.java:83)
at org.openqa.selenium.remote.RemoteWebDriver.execute(RemoteWebDriver.java:552)
at org.openqa.selenium.remote.RemoteWebDriver.startSession(RemoteWebDriver.java:213)
at org.openqa.selenium.remote.RemoteWebDriver.<init>(RemoteWebDriver.java:131)
at org.openqa.selenium.chrome.ChromeDriver.<init>(ChromeDriver.java:181)
at org.openqa.selenium.chrome.ChromeDriver.<init>(ChromeDriver.java:168)
at org.openqa.selenium.chrome.ChromeDriver.<init>(ChromeDriver.java:123)
at com.crn.GenericLibrary.BaseClass.launchtheBrowser(BaseClass.java:51)
at java.base/jdk.internal.reflect.NativeMethodAccessorImpl.invoke0(Native Method)
at java.base/jdk.internal.reflect.NativeMethodAccessorImpl.invoke(NativeMethodAccessorImpl.java:77)
at java.base/jdk.internal.reflect.DelegatingMethodAccessorImpl.invoke(DelegatingMethodAccessorImpl.java:43)
at java.base/java.lang.reflect.Method.invoke(Method.java:568)
at org.testng.internal.MethodInvocationHelper.invokeMethod(MethodInvocationHelper.java:133)
at org.testng.internal.MethodInvocationHelper.invokeMethodConsideringTimeout(MethodInvocationHelper.java:62)
at org.testng.internal.ConfigInvoker.invokeConfigurationMethod(ConfigInvoker.java:385)
at org.testng.internal.ConfigInvoker.invokeConfigurations(ConfigInvoker.java:321)
at org.testng.internal.TestMethodWorker.invokeBeforeClassMethods(TestMethodWorker.java:176)
at org.testng.internal.TestMethodWorker.run(TestMethodWorker.java:122)
at java.base/java.util.ArrayList.forEach(ArrayList.java:1511)
at org.testng.TestRunner.privateRun(TestRunner.java:794)
at org.testng.TestRunner.run(TestRunner.java:596)
at org.testng.SuiteRunner.runTest(SuiteRunner.java:377)
at org.testng.SuiteRunner.access$000(SuiteRunner.java:28)
at org.testng.SuiteRunner$SuiteWorker.run(SuiteRunner.java:418)
at org.testng.internal.thread.ThreadUtil.lambda$execute$0(ThreadUtil.java:64)
at java.base/java.util.concurrent.FutureTask.run(FutureTask.java:264)
at java.base/java.util.concurrent.ThreadPoolExecutor.runWorker(ThreadPoolExecutor.java:1136)
at java.base/java.util.concurrent.ThreadPoolExecutor$Worker.run(ThreadPoolExecutor.java:635)
at java.base/java.lang.Thread.run(Thread.java:833)
]]>
    </error>
  </testcase> <!-- launchtheBrowser -->
  <system-out/>
  <testcase classname="TestNGUsingAnnotations.ContactWithOrganizationName" name="createContactWithOrgTest" time="0.000">
    <skipped/>
  </testcase> <!-- createContactWithOrgTest -->
  <system-out/>
</testsuite> <!-- TestNGUsingAnnotations.ContactWithOrganizationName -->
